<?xml version="1.0" encoding="UTF-8"?>
<!-- Generated by org.testng.reporters.JUnitReportReporter -->
<testsuite hostname="Dheenathayalans-MacBook-Air.local" failures="0" tests="1" name="runner.TestRunner" time="10.551" errors="0" timestamp="2025-02-18T19:42:48 EST" skipped="0">
  <testcase classname="runner.TestRunner" name="runScenario" time="10.551"/>
</testsuite> <!-- runner.TestRunner -->
